Fri, 10 Jan 2020 15:21:37-__main__-Log.py-[line:44]-DEBUG-[日志信息]: i am debug message
Fri, 10 Jan 2020 15:21:37-__main__-Log.py-[line:45]-INFO-[日志信息]: i am info message
Fri, 10 Jan 2020 15:21:37-__main__-Log.py-[line:46]-WARNING-[日志信息]: i am warning message
Fri, 10 Jan 2020 15:21:37-__main__-Log.py-[line:47]-ERROR-[日志信息]: i am error message
Fri, 10 Jan 2020 15:21:37-__main__-Log.py-[line:48]-CRITICAL-[日志信息]: i am critical message
Fri, 10 Jan 2020 15:21:45-__main__-Log.py-[line:44]-DEBUG-[日志信息]: i am debug message
Fri, 10 Jan 2020 15:21:45-__main__-Log.py-[line:45]-INFO-[日志信息]: i am info message
Fri, 10 Jan 2020 15:21:45-__main__-Log.py-[line:46]-WARNING-[日志信息]: i am warning message
Fri, 10 Jan 2020 15:21:45-__main__-Log.py-[line:47]-ERROR-[日志信息]: i am error message
Fri, 10 Jan 2020 15:21:45-__main__-Log.py-[line:48]-CRITICAL-[日志信息]: i am critical message
Fri, 10 Jan 2020 15:21:52-__main__-Log.py-[line:44]-DEBUG-[日志信息]: i am debug message
Fri, 10 Jan 2020 15:21:52-__main__-Log.py-[line:45]-INFO-[日志信息]: i am info message
Fri, 10 Jan 2020 15:21:52-__main__-Log.py-[line:46]-WARNING-[日志信息]: i am warning message
Fri, 10 Jan 2020 15:21:52-__main__-Log.py-[line:47]-ERROR-[日志信息]: i am error message
Fri, 10 Jan 2020 15:21:52-__main__-Log.py-[line:48]-CRITICAL-[日志信息]: i am critical message
Fri, 10 Jan 2020 15:21:59-__main__-Log.py-[line:44]-DEBUG-[日志信息]: i am debug message
Fri, 10 Jan 2020 15:21:59-__main__-Log.py-[line:45]-INFO-[日志信息]: i am info message
Fri, 10 Jan 2020 15:21:59-__main__-Log.py-[line:46]-WARNING-[日志信息]: i am warning message
Fri, 10 Jan 2020 15:21:59-__main__-Log.py-[line:47]-ERROR-[日志信息]: i am error message
Fri, 10 Jan 2020 15:21:59-__main__-Log.py-[line:48]-CRITICAL-[日志信息]: i am critical message
